#
# A fatal error has been detected by the Java Runtime Environment:
#
#  SIGSEGV (0xb) at pc=0x00007fb5fc8c946d, pid=11826, tid=11845
#
# JRE version: OpenJDK Runtime Environment (11.0.7+10) (build 11.0.7+10-post-Ubuntu-2ubuntu218.04)
# Java VM: OpenJDK 64-Bit Server VM (11.0.7+10-post-Ubuntu-2ubuntu218.04, mixed mode, sharing, tiered, compressed oops, g1 gc, linux-amd64)
# Problematic frame:
# V  [libjvm.so+0x65446d]
#
# Core dump will be written. Default location: Core dumps may be processed with "/usr/share/apport/apport %p %s %c %d %P %E" (or dumping to /home/alan/nantes-0320-java-synergie-family/core.11826)
#
# If you would like to submit a bug report, please visit:
#   https://bugs.launchpad.net/ubuntu/+source/openjdk-lts
#

---------------  S U M M A R Y ------------

Command Line: -XX:TieredStopAtLevel=1 -Xverify:none -Dspring.output.ansi.enabled=always -Dcom.sun.management.jmxremote -Dspring.jmx.enabled=true -Dspring.liveBeansView.mbeanDomain -Dspring.application.admin.enabled=true -javaagent:/opt/idea-IU-193.6911.18/lib/idea_rt.jar=39745:/opt/idea-IU-193.6911.18/bin -Dfile.encoding=UTF-8 com.wildcodeschool.synergieFamily.SynergieFamilyApplication

Host: Intel(R) Core(TM) i7-1065G7 CPU @ 1.30GHz, 8 cores, 7G, Ubuntu 18.04.4 LTS
Time: Wed Jun  3 17:24:02 2020 CEST elapsed time: 0 seconds (0d 0h 0m 0s)

---------------  T H R E A D  ---------------

Current thread (0x00007fb5f4193000):  JavaThread "C1 CompilerThread0" daemon [_thread_in_native, id=11845, stack(0x00007fb5d40bd000,0x00007fb5d41be000)]


Current CompileTask:
C1:     56   53       1       java.util.concurrent.ConcurrentHashMap::addCount (289 bytes)

Stack: [0x00007fb5d40bd000,0x00007fb5d41be000],  sp=0x00007fb5d41bc240,  free space=1020k
Native frames: (J=compiled Java code, A=aot compiled Java code, j=interpreted, Vv=VM code, C=native code)
V  [libjvm.so+0x65446d]
V  [libjvm.so+0x486502]
V  [libjvm.so+0x49b891]
V  [libjvm.so+0x4abc22]
V  [libjvm.so+0x49ca38]
V  [libjvm.so+0x49be5c]
V  [libjvm.so+0x46661f]
V  [libjvm.so+0x467dd8]
V  [libjvm.so+0x467fef]
V  [libjvm.so+0x46844f]
V  [libjvm.so+0x468d2e]
V  [libjvm.so+0x5fdb33]
V  [libjvm.so+0x5ff2d8]
V  [libjvm.so+0xd8918f]
V  [libjvm.so+0xd85acf]
V  [libjvm.so+0xbd59de]


siginfo: si_signo: 11 (SIGSEGV), si_code: 1 (SEGV_MAPERR), si_addr: 0x0000000000000014

Register to memory mapping:

RAX=0x0000000000000001 is an unknown value
RBX=0x0000000000000004 is an unknown value
RCX=0x0 is NULL
RDX=0x0000000000000001 is an unknown value
RSP=0x00007fb5d41bc240 is pointing into the stack for thread: 0x00007fb5f4193000
RBP=0x00007fb5d41bc290 is pointing into the stack for thread: 0x00007fb5f4193000
RSI={method} {0x000000080034f040} 'addCount' '(JI)V' in 'java/util/concurrent/ConcurrentHashMap'
RDI=0x00007fb5f4193c90 points into unknown readable memory: 90 85 0a b0 b5 7f 00 00
R8 =0x0 is NULL
R9 =0x0 is NULL
R10=0x0 is NULL
R11=0x0 is NULL
R12=0x00007fb5b003cbf0 points into unknown readable memory: e4 00 00 00 26 00 00 00
R13=0x000000000000003a is an unknown value
R14=0x0000000000000026 is an unknown value
R15={method} {0x000000080034f040} 'addCount' '(JI)V' in 'java/util/concurrent/ConcurrentHashMap'


Registers:
RAX=0x0000000000000001, RBX=0x0000000000000004, RCX=0x0000000000000000, RDX=0x0000000000000001
RSP=0x00007fb5d41bc240, RBP=0x00007fb5d41bc290, RSI=0x000000080034f040, RDI=0x00007fb5f4193c90
R8 =0x0000000000000000, R9 =0x0000000000000000, R10=0x0000000000000000, R11=0x0000000000000000
R12=0x00007fb5b003cbf0, R13=0x000000000000003a, R14=0x0000000000000026, R15=0x000000080034f040
RIP=0x00007fb5fc8c946d, EFLAGS=0x0000000000010297, CSGSFS=0x002b000000000033, ERR=0x0000000000000004
  TRAPNO=0x000000000000000e

Top of Stack: (sp=0x00007fb5d41bc240)
0x00007fb5d41bc240:   0000000100000000 00007fb5b0075350
0x00007fb5d41bc250:   00007fb5f4193cc0 00007fb5f4193c90
0x00007fb5d41bc260:   00007fb5d41bc290 00007fb5f4193cc0
0x00007fb5d41bc270:   00007fb5b0075360 00007fb5d41bc300 

Instructions: (pc=0x00007fb5fc8c946d)
0x00007fb5fc8c936d:   00 00 00 55 48 89 e5 41 57 41 56 41 55 41 54 45
0x00007fb5fc8c937d:   89 c5 53 49 89 cf 48 89 fb 48 83 ec 28 48 63 47
0x00007fb5fc8c938d:   44 48 89 55 c8 44 8b 5d 10 44 8b 55 18 44 8b 45
0x00007fb5fc8c939d:   20 85 c0 0f 8e 32 02 00 00 48 8b 53 38 48 c1 e0
0x00007fb5fc8c93ad:   04 4c 8d 64 02 f0 48 8b 43 10 41 8b 74 24 04 44
0x00007fb5fc8c93bd:   8b 70 08 41 8b 44 24 0c 89 c2 83 e0 fe 45 89 74
0x00007fb5fc8c93cd:   24 04 83 ca 01 45 84 c9 0f 45 c2 89 c2 83 e0 f7
0x00007fb5fc8c93dd:   83 ca 08 45 84 db 0f 45 c2 89 c2 83 e0 fd 83 ca
0x00007fb5fc8c93ed:   02 45 84 d2 0f 45 c2 89 c2 83 e0 fb 83 ca 04 45
0x00007fb5fc8c93fd:   84 c0 0f 45 c2 81 fe bf 00 00 00 41 89 44 24 0c
0x00007fb5fc8c940d:   48 8b 7b 10 77 0d 48 63 47 08 3b 47 0c 0f 8c 90
0x00007fb5fc8c941d:   01 00 00 e8 bb 10 fc ff 4d 85 ff 0f 84 98 01 00
0x00007fb5fc8c942d:   00 4d 8b 7f 10 48 8b 7b 18 48 8d 15 d3 94 c3 ff
0x00007fb5fc8c943d:   48 8b 07 48 8b 40 08 48 39 d0 0f 85 eb 01 00 00
0x00007fb5fc8c944d:   48 8d 47 30 4c 89 fe 48 89 c7 48 89 45 c8 e8 b0
0x00007fb5fc8c945d:   b2 56 00 85 c0 0f 88 e0 01 00 00 3d bf 00 00 00
0x00007fb5fc8c946d:   48 8b 7b 10 77 0d 48 63 57 08 3b 57 0c 0f 8c 18
0x00007fb5fc8c947d:   01 00 00 89 c6 e8 59 10 fc ff 41 8d 75 01 48 8b
0x00007fb5fc8c948d:   7b 10 81 fe bf 00 00 00 77 0d 48 63 47 08 3b 47
0x00007fb5fc8c949d:   0c 0f 8c dc 00 00 00 e8 37 10 fc ff 81 7d 28 bf
0x00007fb5fc8c94ad:   00 00 00 48 8b 7b 10 77 0d 48 63 47 08 3b 47 0c
0x00007fb5fc8c94bd:   0f 8c a5 00 00 00 8b 75 28 e8 15 10 fc ff 81 7d
0x00007fb5fc8c94cd:   30 bf 00 00 00 48 8b 7b 10 77 09 48 63 47 08 3b
0x00007fb5fc8c94dd:   47 0c 7c 6f 8b 75 30 e8 f7 0f fc ff 81 7d 38 bf
0x00007fb5fc8c94ed:   00 00 00 48 8b 7b 10 77 09 48 63 47 08 3b 47 0c
0x00007fb5fc8c94fd:   7c 39 8b 75 38 e8 d9 0f fc ff 44 89 f6 48 89 df
0x00007fb5fc8c950d:   e8 9e f9 ff ff 85 c0 74 0d 48 8b 53 10 44 89 72
0x00007fb5fc8c951d:   08 41 89 44 24 04 48 83 c4 28 5b 41 5c 41 5d 41
0x00007fb5fc8c952d:   5e 41 5f 5d c3 66 0f 1f 44 00 00 8d 48 01 48 8b
0x00007fb5fc8c953d:   17 89 4f 08 0f b6 4d 38 88 0c 02 eb bd 66 0f 1f
0x00007fb5fc8c954d:   44 00 00 8d 48 01 48 8b 17 89 4f 08 0f b6 4d 30
0x00007fb5fc8c955d:   88 0c 02 eb 87 66 0f 1f 44 00 00 8d 48 01 48 8b 


Stack slot to memory mapping:
stack at sp + 0 slots: 0x0000000100000000 is an unknown value
stack at sp + 1 slots: 0x00007fb5b0075350 points into unknown readable memory: 48 ab 55 fd b5 7f 00 00
stack at sp + 2 slots: 0x00007fb5f4193cc0 points into unknown readable memory: c0 03 04 b0 b5 7f 00 00
stack at sp + 3 slots: 0x00007fb5f4193c90 points into unknown readable memory: 90 85 0a b0 b5 7f 00 00
stack at sp + 4 slots: 0x00007fb5d41bc290 is pointing into the stack for thread: 0x00007fb5f4193000
stack at sp + 5 slots: 0x00007fb5f4193cc0 points into unknown readable memory: c0 03 04 b0 b5 7f 00 00
stack at sp + 6 slots: 0x00007fb5b0075360 points into unknown readable memory: 10 05 04 b0 b5 7f 00 00
stack at sp + 7 slots: 0x00007fb5d41bc300 is pointing into the stack for thread: 0x00007fb5f4193000


---------------  P R O C E S S  ---------------

Threads class SMR info:
_java_thread_list=0x00007fb5f41ac890, length=7, elements={
0x00007fb5f4019800, 0x00007fb5f4189800, 0x00007fb5f418b800, 0x00007fb5f4191000,
0x00007fb5f4193000, 0x00007fb5f4195000, 0x00007fb5f41ab000
}

Java Threads: ( => current thread )
  0x00007fb5f4019800 JavaThread "main" [_thread_in_vm, id=11827, stack(0x00007fb5fe3ee000,0x00007fb5fe4ef000)]
  0x00007fb5f4189800 JavaThread "Reference Handler" daemon [_thread_blocked, id=11840, stack(0x00007fb5dc00c000,0x00007fb5dc10d000)]
  0x00007fb5f418b800 JavaThread "Finalizer" daemon [_thread_blocked, id=11843, stack(0x00007fb5d42bf000,0x00007fb5d43c0000)]
  0x00007fb5f4191000 JavaThread "Signal Dispatcher" daemon [_thread_blocked, id=11844, stack(0x00007fb5d41be000,0x00007fb5d42bf000)]
=>0x00007fb5f4193000 JavaThread "C1 CompilerThread0" daemon [_thread_in_native, id=11845, stack(0x00007fb5d40bd000,0x00007fb5d41be000)]
  0x00007fb5f4195000 JavaThread "Sweeper thread" daemon [_thread_blocked, id=11846, stack(0x00007fb5cd530000,0x00007fb5cd631000)]
  0x00007fb5f41ab000 JavaThread "Common-Cleaner" daemon [_thread_blocked, id=11854, stack(0x00007fb5cd42f000,0x00007fb5cd530000)]

Other Threads:
  0x00007fb5f4186800 VMThread "VM Thread" [stack: 0x00007fb5f80e0000,0x00007fb5f81e0000] [id=11834]
  0x00007fb5f4032800 GCTaskThread "GC Thread#0" [stack: 0x00007fb5fa1c7000,0x00007fb5fa2c7000] [id=11828]
  0x00007fb5f4062800 ConcurrentGCThread "G1 Main Marker" [stack: 0x00007fb5f8d71000,0x00007fb5f8e71000] [id=11829]
  0x00007fb5f4064800 ConcurrentGCThread "G1 Conc#0" [stack: 0x00007fb5f8c6f000,0x00007fb5f8d6f000] [id=11830]
  0x00007fb5f40eb800 ConcurrentGCThread "G1 Refine#0" [stack: 0x00007fb5f8365000,0x00007fb5f8465000] [id=11831]
  0x00007fb5f40ed800 ConcurrentGCThread "G1 Young RemSet Sampling" [stack: 0x00007fb5f8263000,0x00007fb5f8363000] [id=11832]

Threads with active compile tasks:
C1 CompilerThread0     59   53       1       java.util.concurrent.ConcurrentHashMap::addCount (289 bytes)

VM state:not at safepoint (normal execution)

VM Mutex/Monitor currently owned by a thread: None

Heap address: 0x0000000087800000, size: 1928 MB, Compressed Oops mode: 32-bit
Narrow klass base: 0x0000000800000000, Narrow klass shift: 3
Compressed class space size: 1073741824 Address: 0x0000000840000000

Heap:
 garbage-first heap   total 126976K, used 708K [0x0000000087800000, 0x0000000100000000)
  region size 1024K, 1 young (1024K), 0 survivors (0K)
 Metaspace       used 186K, capacity 4487K, committed 4864K, reserved 1056768K
  class space    used 18K, capacity 387K, committed 512K, reserved 1048576K
Heap Regions: E=young(eden), S=young(survivor), O=old, HS=humongous(starts), HC=humongous(continues), CS=collection set, F=free, A=archive, TAMS=top-at-mark-start (previous, next)
|   0|0x0000000087800000, 0x0000000087800000, 0x0000000087900000|  0%| F|  |TAMS 0x0000000087800000, 0x0000000087800000| Untracked 
|   1|0x0000000087900000, 0x0000000087900000, 0x0000000087a00000|  0%| F|  |TAMS 0x0000000087900000, 0x0000000087900000| Untracked 
|   2|0x0000000087a00000, 0x0000000087a00000, 0x0000000087b00000|  0%| F|  |TAMS 0x0000000087a00000, 0x0000000087a00000| Untracked 
|   3|0x0000000087b00000, 0x0000000087b00000, 0x0000000087c00000|  0%| F|  |TAMS 0x0000000087b00000, 0x0000000087b00000| Untracked 
|   4|0x0000000087c00000, 0x0000000087c00000, 0x0000000087d00000|  0%| F|  |TAMS 0x0000000087c00000, 0x0000000087c00000| Untracked 
|   5|0x0000000087d00000, 0x0000000087d00000, 0x0000000087e00000|  0%| F|  |TAMS 0x0000000087d00000, 0x0000000087d00000| Untracked 
|   6|0x0000000087e00000, 0x0000000087e00000, 0x0000000087f00000|  0%| F|  |TAMS 0x0000000087e00000, 0x0000000087e00000| Untracked 
|   7|0x0000000087f00000, 0x0000000087f00000, 0x0000000088000000|  0%| F|  |TAMS 0x0000000087f00000, 0x0000000087f00000| Untracked 
|   8|0x0000000088000000, 0x0000000088000000, 0x0000000088100000|  0%| F|  |TAMS 0x0000000088000000, 0x0000000088000000| Untracked 
|   9|0x0000000088100000, 0x0000000088100000, 0x0000000088200000|  0%| F|  |TAMS 0x0000000088100000, 0x0000000088100000| Untracked 
|  10|0x0000000088200000, 0x0000000088200000, 0x0000000088300000|  0%| F|  |TAMS 0x0000000088200000, 0x0000000088200000| Untracked 
|  11|0x0000000088300000, 0x0000000088300000, 0x0000000088400000|  0%| F|  |TAMS 0x0000000088300000, 0x0000000088300000| Untracked 
|  12|0x0000000088400000, 0x0000000088400000, 0x0000000088500000|  0%| F|  |TAMS 0x0000000088400000, 0x0000000088400000| Untracked 
|  13|0x0000000088500000, 0x0000000088500000, 0x0000000088600000|  0%| F|  |TAMS 0x0000000088500000, 0x0000000088500000| Untracked 
|  14|0x0000000088600000, 0x0000000088600000, 0x0000000088700000|  0%| F|  |TAMS 0x0000000088600000, 0x0000000088600000| Untracked 
|  15|0x0000000088700000, 0x0000000088700000, 0x0000000088800000|  0%| F|  |TAMS 0x0000000088700000, 0x0000000088700000| Untracked 
|  16|0x0000000088800000, 0x0000000088800000, 0x0000000088900000|  0%| F|  |TAMS 0x0000000088800000, 0x0000000088800000| Untracked 
|  17|0x0000000088900000, 0x0000000088900000, 0x0000000088a00000|  0%| F|  |TAMS 0x0000000088900000, 0x0000000088900000| Untracked 
|  18|0x0000000088a00000, 0x0000000088a00000, 0x0000000088b00000|  0%| F|  |TAMS 0x0000000088a00000, 0x0000000088a00000| Untracked 
|  19|0x0000000088b00000, 0x0000000088b00000, 0x0000000088c00000|  0%| F|  |TAMS 0x0000000088b00000, 0x0000000088b00000| Untracked 
|  20|0x0000000088c00000, 0x0000000088c00000, 0x0000000088d00000|  0%| F|  |TAMS 0x0000000088c00000, 0x0000000088c00000| Untracked 
|  21|0x0000000088d00000, 0x0000000088d00000, 0x0000000088e00000|  0%| F|  |TAMS 0x0000000088d00000, 0x0000000088d00000| Untracked 
|  22|0x0000000088e00000, 0x0000000088e00000, 0x0000000088f00000|  0%| F|  |TAMS 0x0000000088e00000, 0x0000000088e00000| Untracked 
|  23|0x0000000088f00000, 0x0000000088f00000, 0x0000000089000000|  0%| F|  |TAMS 0x0000000088f00000, 0x0000000088f00000| Untracked 
|  24|0x0000000089000000, 0x0000000089000000, 0x0000000089100000|  0%| F|  |TAMS 0x0000000089000000, 0x0000000089000000| Untracked 
|  25|0x0000000089100000, 0x0000000089100000, 0x0000000089200000|  0%| F|  |TAMS 0x0000000089100000, 0x0000000089100000| Untracked 
|  26|0x0000000089200000, 0x0000000089200000, 0x0000000089300000|  0%| F|  |TAMS 0x0000000089200000, 0x0000000089200000| Untracked 
|  27|0x0000000089300000, 0x0000000089300000, 0x0000000089400000|  0%| F|  |TAMS 0x0000000089300000, 0x0000000089300000| Untracked 
|  28|0x0000000089400000, 0x0000000089400000, 0x0000000089500000|  0%| F|  |TAMS 0x0000000089400000, 0x0000000089400000| Untracked 
|  29|0x0000000089500000, 0x0000000089500000, 0x0000000089600000|  0%| F|  |TAMS 0x0000000089500000, 0x0000000089500000| Untracked 
|  30|0x0000000089600000, 0x0000000089600000, 0x0000000089700000|  0%| F|  |TAMS 0x0000000089600000, 0x0000000089600000| Untracked 
|  31|0x0000000089700000, 0x0000000089700000, 0x0000000089800000|  0%| F|  |TAMS 0x0000000089700000, 0x0000000089700000| Untracked 
|  32|0x0000000089800000, 0x0000000089800000, 0x0000000089900000|  0%| F|  |TAMS 0x0000000089800000, 0x0000000089800000| Untracked 
|  33|0x0000000089900000, 0x0000000089900000, 0x0000000089a00000|  0%| F|  |TAMS 0x0000000089900000, 0x0000000089900000| Untracked 
|  34|0x0000000089a00000, 0x0000000089a00000, 0x0000000089b00000|  0%| F|  |TAMS 0x0000000089a00000, 0x0000000089a00000| Untracked 
|  35|0x0000000089b00000, 0x0000000089b00000, 0x0000000089c00000|  0%| F|  |TAMS 0x0000000089b00000, 0x0000000089b00000| Untracked 
|  36|0x0000000089c00000, 0x0000000089c00000, 0x0000000089d00000|  0%| F|  |TAMS 0x0000000089c00000, 0x0000000089c00000| Untracked 
|  37|0x0000000089d00000, 0x0000000089d00000, 0x0000000089e00000|  0%| F|  |TAMS 0x0000000089d00000, 0x0000000089d00000| Untracked 
|  38|0x0000000089e00000, 0x0000000089e00000, 0x0000000089f00000|  0%| F|  |TAMS 0x0000000089e00000, 0x0000000089e00000| Untracked 
|  39|0x0000000089f00000, 0x0000000089f00000, 0x000000008a000000|  0%| F|  |TAMS 0x0000000089f00000, 0x0000000089f00000| Untracked 
|  40|0x000000008a000000, 0x000000008a000000, 0x000000008a100000|  0%| F|  |TAMS 0x000000008a000000, 0x000000008a000000| Untracked 
|  41|0x000000008a100000, 0x000000008a100000, 0x000000008a200000|  0%| F|  |TAMS 0x000000008a100000, 0x000000008a100000| Untracked 
|  42|0x000000008a200000, 0x000000008a200000, 0x000000008a300000|  0%| F|  |TAMS 0x000000008a200000, 0x000000008a200000| Untracked 
|  43|0x000000008a300000, 0x000000008a300000, 0x000000008a400000|  0%| F|  |TAMS 0x000000008a300000, 0x000000008a300000| Untracked 
|  44|0x000000008a400000, 0x000000008a400000, 0x000000008a500000|  0%| F|  |TAMS 0x000000008a400000, 0x000000008a400000| Untracked 
|  45|0x000000008a500000, 0x000000008a500000, 0x000000008a600000|  0%| F|  |TAMS 0x000000008a500000, 0x000000008a500000| Untracked 
|  46|0x000000008a600000, 0x000000008a600000, 0x000000008a700000|  0%| F|  |TAMS 0x000000008a600000, 0x000000008a600000| Untracked 
|  47|0x000000008a700000, 0x000000008a700000, 0x000000008a800000|  0%| F|  |TAMS 0x000000008a700000, 0x000000008a700000| Untracked 
|  48|0x000000008a800000, 0x000000008a800000, 0x000000008a900000|  0%| F|  |TAMS 0x000000008a800000, 0x000000008a800000| Untracked 
|  49|0x000000008a900000, 0x000000008a900000, 0x000000008aa00000|  0%| F|  |TAMS 0x000000008a900000, 0x000000008a900000| Untracked 
|  50|0x000000008aa00000, 0x000000008aa00000, 0x000000008ab00000|  0%| F|  |TAMS 0x000000008aa00000, 0x000000008aa00000| Untracked 
|  51|0x000000008ab00000, 0x000000008ab00000, 0x000000008ac00000|  0%| F|  |TAMS 0x000000008ab00000, 0x000000008ab00000| Untracked 
|  52|0x000000008ac00000, 0x000000008ac00000, 0x000000008ad00000|  0%| F|  |TAMS 0x000000008ac00000, 0x000000008ac00000| Untracked 
|  53|0x000000008ad00000, 0x000000008ad00000, 0x000000008ae00000|  0%| F|  |TAMS 0x000000008ad00000, 0x000000008ad00000| Untracked 
|  54|0x000000008ae00000, 0x000000008ae00000, 0x000000008af00000|  0%| F|  |TAMS 0x000000008ae00000, 0x000000008ae00000| Untracked 
|  55|0x000000008af00000, 0x000000008af00000, 0x000000008b000000|  0%| F|  |TAMS 0x000000008af00000, 0x000000008af00000| Untracked 
|  56|0x000000008b000000, 0x000000008b000000, 0x000000008b100000|  0%| F|  |TAMS 0x000000008b000000, 0x000000008b000000| Untracked 
|  57|0x000000008b100000, 0x000000008b100000, 0x000000008b200000|  0%| F|  |TAMS 0x000000008b100000, 0x000000008b100000| Untracked 
|  58|0x000000008b200000, 0x000000008b200000, 0x000000008b300000|  0%| F|  |TAMS 0x000000008b200000, 0x000000008b200000| Untracked 
|  59|0x000000008b300000, 0x000000008b300000, 0x000000008b400000|  0%| F|  |TAMS 0x000000008b300000, 0x000000008b300000| Untracked 
|  60|0x000000008b400000, 0x000000008b400000, 0x000000008b500000|  0%| F|  |TAMS 0x000000008b400000, 0x000000008b400000| Untracked 
|  61|0x000000008b500000, 0x000000008b500000, 0x000000008b600000|  0%| F|  |TAMS 0x000000008b500000, 0x000000008b500000| Untracked 
|  62|0x000000008b600000, 0x000000008b600000, 0x000000008b700000|  0%| F|  |TAMS 0x000000008b600000, 0x000000008b600000| Untracked 
|  63|0x000000008b700000, 0x000000008b700000, 0x000000008b800000|  0%| F|  |TAMS 0x000000008b700000, 0x000000008b700000| Untracked 
|  64|0x000000008b800000, 0x000000008b800000, 0x000000008b900000|  0%| F|  |TAMS 0x000000008b800000, 0x000000008b800000| Untracked 
|  65|0x000000008b900000, 0x000000008b900000, 0x000000008ba00000|  0%| F|  |TAMS 0x000000008b900000, 0x000000008b900000| Untracked 
|  66|0x000000008ba00000, 0x000000008ba00000, 0x000000008bb00000|  0%| F|  |TAMS 0x000000008ba00000, 0x000000008ba00000| Untracked 
|  67|0x000000008bb00000, 0x000000008bb00000, 0x000000008bc00000|  0%| F|  |TAMS 0x000000008bb00000, 0x000000008bb00000| Untracked 
|  68|0x000000008bc00000, 0x000000008bc00000, 0x000000008bd00000|  0%| F|  |TAMS 0x000000008bc00000, 0x000000008bc00000| Untracked 
|  69|0x000000008bd00000, 0x000000008bd00000, 0x000000008be00000|  0%| F|  |TAMS 0x000000008bd00000, 0x000000008bd00000| Untracked 
|  70|0x000000008be00000, 0x000000008be00000, 0x000000008bf00000|  0%| F|  |TAMS 0x000000008be00000, 0x000000008be00000| Untracked 
|  71|0x000000008bf00000, 0x000000008bf00000, 0x000000008c000000|  0%| F|  |TAMS 0x000000008bf00000, 0x000000008bf00000| Untracked 
|  72|0x000000008c000000, 0x000000008c000000, 0x000000008c100000|  0%| F|  |TAMS 0x000000008c000000, 0x000000008c000000| Untracked 
|  73|0x000000008c100000, 0x000000008c100000, 0x000000008c200000|  0%| F|  |TAMS 0x000000008c100000, 0x000000008c100000| Untracked 
|  74|0x000000008c200000, 0x000000008c200000, 0x000000008c300000|  0%| F|  |TAMS 0x000000008c200000, 0x000000008c200000| Untracked 
|  75|0x000000008c300000, 0x000000008c300000, 0x000000008c400000|  0%| F|  |TAMS 0x000000008c300000, 0x000000008c300000| Untracked 
|  76|0x000000008c400000, 0x000000008c400000, 0x000000008c500000|  0%| F|  |TAMS 0x000000008c400000, 0x000000008c400000| Untracked 
|  77|0x000000008c500000, 0x000000008c500000, 0x000000008c600000|  0%| F|  |TAMS 0x000000008c500000, 0x000000008c500000| Untracked 
|  78|0x000000008c600000, 0x000000008c600000, 0x000000008c700000|  0%| F|  |TAMS 0x000000008c600000, 0x000000008c600000| Untracked 
|  79|0x000000008c700000, 0x000000008c700000, 0x000000008c800000|  0%| F|  |TAMS 0x000000008c700000, 0x000000008c700000| Untracked 
|  80|0x000000008c800000, 0x000000008c800000, 0x000000008c900000|  0%| F|  |TAMS 0x000000008c800000, 0x000000008c800000| Untracked 
|  81|0x000000008c900000, 0x000000008c900000, 0x000000008ca00000|  0%| F|  |TAMS 0x000000008c900000, 0x000000008c900000| Untracked 
|  82|0x000000008ca00000, 0x000000008ca00000, 0x000000008cb00000|  0%| F|  |TAMS 0x000000008ca00000, 0x000000008ca00000| Untracked 
|  83|0x000000008cb00000, 0x000000008cb00000, 0x000000008cc00000|  0%| F|  |TAMS 0x000000008cb00000, 0x000000008cb00000| Untracked 
|  84|0x000000008cc00000, 0x000000008cc00000, 0x000000008cd00000|  0%| F|  |TAMS 0x000000008cc00000, 0x000000008cc00000| Untracked 
|  85|0x000000008cd00000, 0x000000008cd00000, 0x000000008ce00000|  0%| F|  |TAMS 0x000000008cd00000, 0x000000008cd00000| Untracked 
|  86|0x000000008ce00000, 0x000000008ce00000, 0x000000008cf00000|  0%| F|  |TAMS 0x000000008ce00000, 0x000000008ce00000| Untracked 
|  87|0x000000008cf00000, 0x000000008cf00000, 0x000000008d000000|  0%| F|  |TAMS 0x000000008cf00000, 0x000000008cf00000| Untracked 
|  88|0x000000008d000000, 0x000000008d000000, 0x000000008d100000|  0%| F|  |TAMS 0x000000008d000000, 0x000000008d000000| Untracked 
|  89|0x000000008d100000, 0x000000008d100000, 0x000000008d200000|  0%| F|  |TAMS 0x000000008d100000, 0x000000008d100000| Untracked 
|  90|0x000000008d200000, 0x000000008d200000, 0x000000008d300000|  0%| F|  |TAMS 0x000000008d200000, 0x000000008d200000| Untracked 
|  91|0x000000008d300000, 0x000000008d300000, 0x000000008d400000|  0%| F|  |TAMS 0x000000008d300000, 0x000000008d300000| Untracked 
|  92|0x000000008d400000, 0x000000008d400000, 0x000000008d500000|  0%| F|  |TAMS 0x000000008d400000, 0x000000008d400000| Untracked 
|  93|0x000000008d500000, 0x000000008d500000, 0x000000008d600000|  0%| F|  |TAMS 0x000000008d500000, 0x000000008d500000| Untracked 
|  94|0x000000008d600000, 0x000000008d600000, 0x000000008d700000|  0%| F|  |TAMS 0x000000008d600000, 0x000000008d600000| Untracked 
|  95|0x000000008d700000, 0x000000008d700000, 0x000000008d800000|  0%| F|  |TAMS 0x000000008d700000, 0x000000008d700000| Untracked 
|  96|0x000000008d800000, 0x000000008d800000, 0x000000008d900000|  0%| F|  |TAMS 0x000000008d800000, 0x000000008d800000| Untracked 
|  97|0x000000008d900000, 0x000000008d900000, 0x000000008da00000|  0%| F|  |TAMS 0x000000008d900000, 0x000000008d900000| Untracked 
|  98|0x000000008da00000, 0x000000008da00000, 0x000000008db00000|  0%| F|  |TAMS 0x000000008da00000, 0x000000008da00000| Untracked 
|  99|0x000000008db00000, 0x000000008db00000, 0x000000008dc00000|  0%| F|  |TAMS 0x000000008db00000, 0x000000008db00000| Untracked 
| 100|0x000000008dc00000, 0x000000008dc00000, 0x000000008dd00000|  0%| F|  |TAMS 0x000000008dc00000, 0x000000008dc00000| Untracked 
| 101|0x000000008dd00000, 0x000000008dd00000, 0x000000008de00000|  0%| F|  |TAMS 0x000000008dd00000, 0x000000008dd00000| Untracked 
| 102|0x000000008de00000, 0x000000008de00000, 0x000000008df00000|  0%| F|  |TAMS 0x000000008de00000, 0x000000008de00000| Untracked 
| 103|0x000000008df00000, 0x000000008df00000, 0x000000008e000000|  0%| F|  |TAMS 0x000000008df00000, 0x000000008df00000| Untracked 
| 104|0x000000008e000000, 0x000000008e000000, 0x000000008e100000|  0%| F|  |TAMS 0x000000008e000000, 0x000000008e000000| Untracked 
| 105|0x000000008e100000, 0x000000008e100000, 0x000000008e200000|  0%| F|  |TAMS 0x000000008e100000, 0x000000008e100000| Untracked 
| 106|0x000000008e200000, 0x000000008e200000, 0x000000008e300000|  0%| F|  |TAMS 0x000000008e200000, 0x000000008e200000| Untracked 
| 107|0x000000008e300000, 0x000000008e300000, 0x000000008e400000|  0%| F|  |TAMS 0x000000008e300000, 0x000000008e300000| Untracked 
| 108|0x000000008e400000, 0x000000008e400000, 0x000000008e500000|  0%| F|  |TAMS 0x000000008e400000, 0x000000008e400000| Untracked 
| 109|0x000000008e500000, 0x000000008e500000, 0x000000008e600000|  0%| F|  |TAMS 0x000000008e500000, 0x000000008e500000| Untracked 
| 110|0x000000008e600000, 0x000000008e600000, 0x000000008e700000|  0%| F|  |TAMS 0x000000008e600000, 0x000000008e600000| Untracked 
| 111|0x000000008e700000, 0x000000008e700000, 0x000000008e800000|  0%| F|  |TAMS 0x000000008e700000, 0x000000008e700000| Untracked 
| 112|0x000000008e800000, 0x000000008e800000, 0x000000008e900000|  0%| F|  |TAMS 0x000000008e800000, 0x000000008e800000| Untracked 
| 113|0x000000008e900000, 0x000000008e900000, 0x000000008ea00000|  0%| F|  |TAMS 0x000000008e900000, 0x000000008e900000| Untracked 
| 114|0x000000008ea00000, 0x000000008ea00000, 0x000000008eb00000|  0%| F|  |TAMS 0x000000008ea00000, 0x000000008ea00000| Untracked 
| 115|0x000000008eb00000, 0x000000008eb00000, 0x000000008ec00000|  0%| F|  |TAMS 0x000000008eb00000, 0x000000008eb00000| Untracked 
| 116|0x000000008ec00000, 0x000000008ec00000, 0x000000008ed00000|  0%| F|  |TAMS 0x000000008ec00000, 0x000000008ec00000| Untracked 
| 117|0x000000008ed00000, 0x000000008ed00000, 0x000000008ee00000|  0%| F|  |TAMS 0x000000008ed00000, 0x000000008ed00000| Untracked 
| 118|0x000000008ee00000, 0x000000008ee00000, 0x000000008ef00000|  0%| F|  |TAMS 0x000000008ee00000, 0x000000008ee00000| Untracked 
| 119|0x000000008ef00000, 0x000000008ef00000, 0x000000008f000000|  0%| F|  |TAMS 0x000000008ef00000, 0x000000008ef00000| Untracked 
| 120|0x000000008f000000, 0x000000008f000000, 0x000000008f100000|  0%| F|  |TAMS 0x000000008f000000, 0x000000008f000000| Untracked 
| 121|0x000000008f100000, 0x000000008f200000, 0x000000008f200000|100%| E|  |TAMS 0x000000008f100000, 0x000000008f100000| Complete 
|1926|0x00000000ffe00000, 0x00000000ffe47000, 0x00000000fff00000| 27%|OA|  |TAMS 0x00000000ffe00000, 0x00000000ffe00000| Untracked 
|1927|0x00000000fff00000, 0x00000000fff6a000, 0x0000000100000000| 41%|CA|  |TAMS 0x00000000fff00000, 0x00000000fff00000| Untracked 

Card table byte_map: [0x00007fb5f9235000,0x00007fb5f95f9000] _byte_map_base: 0x00007fb5f8df9000

Marking Bits (Prev, Next): (CMBitMap*) 0x00007fb5f405a358, (CMBitMap*) 0x00007fb5f405a390
 Prev Bits: [0x00007fb5d61e0000, 0x00007fb5d8000000)
 Next Bits: [0x00007fb5d43c0000, 0x00007fb5d61e0000)

Polling page: 0x00007fb5fe503000

Metaspace:

Usage:
  Non-class:      4,01 MB capacity,   173,26 KB (  4%) used,     3,84 MB ( 96%) free+waste,   512 bytes ( <1%) overhead. 
      Class:    389,00 KB capacity,    19,36 KB (  5%) used,   369,27 KB ( 95%) free+waste,   384 bytes ( <1%) overhead. 
       Both:      4,39 MB capacity,   192,62 KB (  4%) used,     4,20 MB ( 96%) free+waste,   896 bytes ( <1%) overhead. 

Virtual space:
  Non-class space:        8,00 MB reserved,       4,25 MB ( 53%) committed 
      Class space:        1,00 GB reserved,     512,00 KB ( <1%) committed 
             Both:        1,01 GB reserved,       4,75 MB ( <1%) committed 

Chunk freelists:
   Non-Class:  0 bytes
       Class:  0 bytes
        Both:  0 bytes

MaxMetaspaceSize: unlimited
CompressedClassSpaceSize: 1,00 GB

CodeHeap 'non-profiled nmethods': size=238384Kb used=68Kb max_used=68Kb free=238316Kb
 bounds [0x00007fb5dd041000, 0x00007fb5dd2b1000, 0x00007fb5eb90d000]
CodeHeap 'non-nmethods': size=7376Kb used=1023Kb max_used=1023Kb free=6352Kb
 bounds [0x00007fb5dc90d000, 0x00007fb5dcb7d000, 0x00007fb5dd041000]
 total_blobs=349 nmethods=67 adapters=194
 compilation: enabled
              stopped_count=0, restarted_count=0
 full_count=0

Compilation events (20 events):
Event: 0,041 Thread 0x00007fb5f4193000 nmethod 42 0x00007fb5dd04bc10 code [0x00007fb5dd04bdc0, 0x00007fb5dd04bef0]
Event: 0,041 Thread 0x00007fb5f4193000   43       1       java.io.File::getPath (5 bytes)
Event: 0,041 Thread 0x00007fb5f4193000 nmethod 43 0x00007fb5dd04bf90 code [0x00007fb5dd04c140, 0x00007fb5dd04c270]
Event: 0,041 Thread 0x00007fb5f4193000   44       1       java.util.concurrent.ConcurrentHashMap::spread (10 bytes)
Event: 0,041 Thread 0x00007fb5f4193000 nmethod 44 0x00007fb5dd04c310 code [0x00007fb5dd04c4c0, 0x00007fb5dd04c5b0]
Event: 0,041 Thread 0x00007fb5f4193000   45       1       java.util.ImmutableCollections$SetN$SetNIterator::hasNext (13 bytes)
Event: 0,041 Thread 0x00007fb5f4193000 nmethod 45 0x00007fb5dd04c610 code [0x00007fb5dd04c7c0, 0x00007fb5dd04c910]
Event: 0,041 Thread 0x00007fb5f4193000   46       1       java.util.ImmutableCollections$SetN$SetNIterator::nextIndex (56 bytes)
Event: 0,041 Thread 0x00007fb5f4193000 nmethod 46 0x00007fb5dd04c990 code [0x00007fb5dd04cb40, 0x00007fb5dd04cc90]
Event: 0,041 Thread 0x00007fb5f4193000   47       1       java.util.ImmutableCollections$SetN$SetNIterator::next (47 bytes)
Event: 0,042 Thread 0x00007fb5f4193000 nmethod 47 0x00007fb5dd04cd90 code [0x00007fb5dd04cf60, 0x00007fb5dd04d198]
Event: 0,048 Thread 0x00007fb5f4193000   49       1       java.lang.Enum::ordinal (5 bytes)
Event: 0,048 Thread 0x00007fb5f4193000 nmethod 49 0x00007fb5dd04d510 code [0x00007fb5dd04d6c0, 0x00007fb5dd04d7f0]
Event: 0,050 Thread 0x00007fb5f4193000   52   !   1       java.util.concurrent.ConcurrentHashMap::putVal (432 bytes)
Event: 0,052 Thread 0x00007fb5f4193000 nmethod 52 0x00007fb5dd04e690 code [0x00007fb5dd04e940, 0x00007fb5dd04fb18]
Event: 0,052 Thread 0x00007fb5f4193000   58       1       java.lang.StringLatin1::canEncode (13 bytes)
Event: 0,052 Thread 0x00007fb5f4193000 nmethod 58 0x00007fb5dd050310 code [0x00007fb5dd0504c0, 0x00007fb5dd0505d0]
Event: 0,052 Thread 0x00007fb5f4193000   57       1       java.util.concurrent.ConcurrentHashMap$Node::<init> (20 bytes)
Event: 0,053 Thread 0x00007fb5f4193000 nmethod 57 0x00007fb5dd050610 code [0x00007fb5dd0507c0, 0x00007fb5dd050990]
Event: 0,053 Thread 0x00007fb5f4193000   53       1       java.util.concurrent.ConcurrentHashMap::addCount (289 bytes)

GC Heap History (0 events):
No events

Deoptimization events (0 events):
No events

Classes redefined (0 events):
No events

Internal exceptions (0 events):
No events

Events (20 events):
Event: 0,025 Thread 0x00007fb5f418b800 Thread added: 0x00007fb5f418b800
Event: 0,025 Protecting memory [0x00007fb5d42bf000,0x00007fb5d42c3000] with protection modes 0
Event: 0,028 Thread 0x00007fb5f4191000 Thread added: 0x00007fb5f4191000
Event: 0,028 Protecting memory [0x00007fb5d41be000,0x00007fb5d41c2000] with protection modes 0
Event: 0,029 Thread 0x00007fb5f4193000 Thread added: 0x00007fb5f4193000
Event: 0,029 Protecting memory [0x00007fb5d40bd000,0x00007fb5d40c1000] with protection modes 0
Event: 0,030 Thread 0x00007fb5f4195000 Thread added: 0x00007fb5f4195000
Event: 0,030 Protecting memory [0x00007fb5cd530000,0x00007fb5cd534000] with protection modes 0
Event: 0,042 loading class jdk/internal/module/DefaultRoots
Event: 0,042 loading class jdk/internal/module/DefaultRoots done
Event: 0,042 loading class java/util/Spliterators$IteratorSpliterator
Event: 0,043 loading class java/util/Spliterators$IteratorSpliterator done
Event: 0,048 loading class java/lang/Module$ReflectionData
Event: 0,048 loading class java/lang/Module$ReflectionData done
Event: 0,048 loading class java/lang/WeakPairMap
Event: 0,049 loading class java/lang/WeakPairMap done
Event: 0,049 loading class java/lang/WeakPairMap$Pair
Event: 0,049 loading class java/lang/WeakPairMap$Pair done
Event: 0,049 loading class java/lang/WeakPairMap$Pair$Lookup
Event: 0,049 loading class java/lang/WeakPairMap$Pair$Lookup done


Dynamic libraries:
87800000-8f200000 rw-p 00000000 00:00 0 
8f200000-ffe00000 ---p 00000000 00:00 0 
ffe00000-ffe47000 rw-p 0110b000 103:05 5374056                           /usr/lib/jvm/java-11-openjdk-amd64/lib/server/classes.jsa
ffe47000-fff00000 rw-p 00000000 00:00 0 
fff00000-fff6a000 rw-p 010a1000 103:05 5374056                           /usr/lib/jvm/java-11-openjdk-amd64/lib/server/classes.jsa
fff6a000-100000000 rw-p 00000000 00:00 0 
800000000-800002000 rwxp 00001000 103:05 5374056                         /usr/lib/jvm/java-11-openjdk-amd64/lib/server/classes.jsa
800002000-8003b8000 rw-p 00003000 103:05 5374056                         /usr/lib/jvm/java-11-openjdk-amd64/lib/server/classes.jsa
8003b8000-800a93000 r--p 003b9000 103:05 5374056                         /usr/lib/jvm/java-11-openjdk-amd64/lib/server/classes.jsa
800a93000-800a94000 rw-p 00a94000 103:05 5374056                         /usr/lib/jvm/java-11-openjdk-amd64/lib/server/classes.jsa
800a94000-8010a0000 r--p 00a95000 103:05 5374056                         /usr/lib/jvm/java-11-openjdk-amd64/lib/server/classes.jsa
840000000-840080000 rw-p 00000000 00:00 0 
840080000-880000000 ---p 00000000 00:00 0 
56275823c000-56275823d000 r-xp 00000000 103:05 4856694                   /usr/lib/jvm/java-11-openjdk-amd64/bin/java
56275843d000-56275843e000 r--p 00001000 103:05 4856694                   /usr/lib/jvm/java-11-openjdk-amd64/bin/java
56275843e000-56275843f000 rw-p 00002000 103:05 4856694                   /usr/lib/jvm/java-11-openjdk-amd64/bin/java
562759ca8000-562759cc9000 rw-p 00000000 00:00 0                          [heap]
7fb5a4000000-7fb5a4021000 rw-p 00000000 00:00 0 
7fb5a4021000-7fb5a8000000 ---p 00000000 00:00 0 
7fb5a8000000-7fb5a8021000 rw-p 00000000 00:00 0 
7fb5a8021000-7fb5ac000000 ---p 00000000 00:00 0 
7fb5ac000000-7fb5ac021000 rw-p 00000000 00:00 0 
7fb5ac021000-7fb5b0000000 ---p 00000000 00:00 0 
7fb5b0000000-7fb5b00bd000 rw-p 00000000 00:00 0 
7fb5b00bd000-7fb5b4000000 ---p 00000000 00:00 0 
7fb5b4000000-7fb5b4021000 rw-p 00000000 00:00 0 
7fb5b4021000-7fb5b8000000 ---p 00000000 00:00 0 
7fb5b8000000-7fb5b8021000 rw-p 00000000 00:00 0 
7fb5b8021000-7fb5bc000000 ---p 00000000 00:00 0 
7fb5bc000000-7fb5bc021000 rw-p 00000000 00:00 0 
7fb5bc021000-7fb5c0000000 ---p 00000000 00:00 0 
7fb5c0000000-7fb5c0021000 rw-p 00000000 00:00 0 
7fb5c0021000-7fb5c4000000 ---p 00000000 00:00 0 
7fb5c4000000-7fb5c4021000 rw-p 00000000 00:00 0 
7fb5c4021000-7fb5c8000000 ---p 00000000 00:00 0 
7fb5c8000000-7fb5c8021000 rw-p 00000000 00:00 0 
7fb5c8021000-7fb5cc000000 ---p 00000000 00:00 0 
7fb5cd42f000-7fb5cd433000 ---p 00000000 00:00 0 
7fb5cd433000-7fb5cd530000 rw-p 00000000 00:00 0 
7fb5cd530000-7fb5cd534000 ---p 00000000 00:00 0 
7fb5cd534000-7fb5cd631000 rw-p 00000000 00:00 0 
7fb5cd631000-7fb5ce000000 r--p 00000000 103:05 4856546                   /usr/lib/locale/locale-archive
7fb5ce000000-7fb5d0000000 rw-p 00000000 00:00 0 
7fb5d0000000-7fb5d0021000 rw-p 00000000 00:00 0 
7fb5d0021000-7fb5d4000000 ---p 00000000 00:00 0 
7fb5d40bd000-7fb5d40c1000 ---p 00000000 00:00 0 
7fb5d40c1000-7fb5d41be000 rw-p 00000000 00:00 0 
7fb5d41be000-7fb5d41c2000 ---p 00000000 00:00 0 
7fb5d41c2000-7fb5d42bf000 rw-p 00000000 00:00 0 
7fb5d42bf000-7fb5d42c3000 ---p 00000000 00:00 0 
7fb5d42c3000-7fb5d45a8000 rw-p 00000000 00:00 0 
7fb5d45a8000-7fb5d61d8000 ---p 00000000 00:00 0 
7fb5d61d8000-7fb5d63c8000 rw-p 00000000 00:00 0 
7fb5d63c8000-7fb5d7ff8000 ---p 00000000 00:00 0 
7fb5d7ff8000-7fb5d8000000 rw-p 00000000 00:00 0 
7fb5d8000000-7fb5d8021000 rw-p 00000000 00:00 0 
7fb5d8021000-7fb5dc000000 ---p 00000000 00:00 0 
7fb5dc00c000-7fb5dc010000 ---p 00000000 00:00 0 
7fb5dc010000-7fb5dc54d000 rw-p 00000000 00:00 0 
7fb5dc54d000-7fb5dc90d000 ---p 00000000 00:00 0 
7fb5dc90d000-7fb5dcb7d000 rwxp 00000000 00:00 0 
7fb5dcb7d000-7fb5dd041000 ---p 00000000 00:00 0 
7fb5dd041000-7fb5dd2b1000 rwxp 00000000 00:00 0 
7fb5dd2b1000-7fb5eb90d000 ---p 00000000 00:00 0 
7fb5eb90d000-7fb5f4000000 r--s 00000000 103:05 4856827                   /usr/lib/jvm/java-11-openjdk-amd64/lib/modules
7fb5f4000000-7fb5f41af000 rw-p 00000000 00:00 0 
7fb5f41af000-7fb5f8000000 ---p 00000000 00:00 0 
7fb5f80de000-7fb5f80df000 ---p 00000000 00:00 0 
7fb5f80df000-7fb5f8261000 rw-p 00000000 00:00 0 
7fb5f8261000-7fb5f8262000 ---p 00000000 00:00 0 
7fb5f8262000-7fb5f8363000 rw-p 00000000 00:00 0 
7fb5f8363000-7fb5f8364000 ---p 00000000 00:00 0 
7fb5f8364000-7fb5f8c6d000 rw-p 00000000 00:00 0 
7fb5f8c6d000-7fb5f8c6e000 ---p 00000000 00:00 0 
7fb5f8c6e000-7fb5f8d6f000 rw-p 00000000 00:00 0 
7fb5f8d6f000-7fb5f8d70000 ---p 00000000 00:00 0 
7fb5f8d70000-7fb5f8eae000 rw-p 00000000 00:00 0 
7fb5f8eae000-7fb5f9234000 ---p 00000000 00:00 0 
7fb5f9234000-7fb5f9272000 rw-p 00000000 00:00 0 
7fb5f9272000-7fb5f95f8000 ---p 00000000 00:00 0 
7fb5f95f8000-7fb5f9636000 rw-p 00000000 00:00 0 
7fb5f9636000-7fb5f99bc000 ---p 00000000 00:00 0 
7fb5f99bc000-7fb5fa1c5000 rw-p 00000000 00:00 0 
7fb5fa1c5000-7fb5fa1c6000 ---p 00000000 00:00 0 
7fb5fa1c6000-7fb5fa2cc000 rw-p 00000000 00:00 0 
7fb5fa2cc000-7fb5fa499000 ---p 00000000 00:00 0 
7fb5fa499000-7fb5fa49e000 r-xp 00000000 103:05 4856791                   /usr/lib/jvm/java-11-openjdk-amd64/lib/libjimage.so
7fb5fa49e000-7fb5fa69d000 ---p 00005000 103:05 4856791                   /usr/lib/jvm/java-11-openjdk-amd64/lib/libjimage.so
7fb5fa69d000-7fb5fa69e000 r--p 00004000 103:05 4856791                   /usr/lib/jvm/java-11-openjdk-amd64/lib/libjimage.so
7fb5fa69e000-7fb5fa69f000 rw-p 00005000 103:05 4856791                   /usr/lib/jvm/java-11-openjdk-amd64/lib/libjimage.so
7fb5fa69f000-7fb5fa6a6000 r-xp 00000000 103:05 4856825                   /usr/lib/jvm/java-11-openjdk-amd64/lib/libzip.so
7fb5fa6a6000-7fb5fa8a5000 ---p 00007000 103:05 4856825                   /usr/lib/jvm/java-11-openjdk-amd64/lib/libzip.so
7fb5fa8a5000-7fb5fa8a6000 r--p 00006000 103:05 4856825                   /usr/lib/jvm/java-11-openjdk-amd64/lib/libzip.so
7fb5fa8a6000-7fb5fa8a7000 rw-p 00007000 103:05 4856825                   /usr/lib/jvm/java-11-openjdk-amd64/lib/libzip.so
7fb5fa8a7000-7fb5fa8b2000 r-xp 00000000 103:05 529694                    /lib/x86_64-linux-gnu/libnss_files-2.27.so
7fb5fa8b2000-7fb5faab1000 ---p 0000b000 103:05 529694                    /lib/x86_64-linux-gnu/libnss_files-2.27.so
7fb5faab1000-7fb5faab2000 r--p 0000a000 103:05 529694                    /lib/x86_64-linux-gnu/libnss_files-2.27.so
7fb5faab2000-7fb5faab3000 rw-p 0000b000 103:05 529694                    /lib/x86_64-linux-gnu/libnss_files-2.27.so
7fb5faab3000-7fb5faab9000 rw-p 00000000 00:00 0 
7fb5faab9000-7fb5faad0000 r-xp 00000000 103:05 529688                    /lib/x86_64-linux-gnu/libnsl-2.27.so
7fb5faad0000-7fb5faccf000 ---p 00017000 103:05 529688                    /lib/x86_64-linux-gnu/libnsl-2.27.so
7fb5faccf000-7fb5facd0000 r--p 00016000 103:05 529688                    /lib/x86_64-linux-gnu/libnsl-2.27.so
7fb5facd0000-7fb5facd1000 rw-p 00017000 103:05 529688                    /lib/x86_64-linux-gnu/libnsl-2.27.so
7fb5facd1000-7fb5facd3000 rw-p 00000000 00:00 0 
7fb5facd3000-7fb5facde000 r-xp 00000000 103:05 529705                    /lib/x86_64-linux-gnu/libnss_nis-2.27.so
7fb5facde000-7fb5faedd000 ---p 0000b000 103:05 529705                    /lib/x86_64-linux-gnu/libnss_nis-2.27.so
7fb5faedd000-7fb5faede000 r--p 0000a000 103:05 529705                    /lib/x86_64-linux-gnu/libnss_nis-2.27.so
7fb5faede000-7fb5faedf000 rw-p 0000b000 103:05 529705                    /lib/x86_64-linux-gnu/libnss_nis-2.27.so
7fb5faedf000-7fb5faee7000 r-xp 00000000 103:05 529690                    /lib/x86_64-linux-gnu/libnss_compat-2.27.so
7fb5faee7000-7fb5fb0e7000 ---p 00008000 103:05 529690                    /lib/x86_64-linux-gnu/libnss_compat-2.27.so
7fb5fb0e7000-7fb5fb0e8000 r--p 00008000 103:05 529690                    /lib/x86_64-linux-gnu/libnss_compat-2.27.so
7fb5fb0e8000-7fb5fb0e9000 rw-p 00009000 103:05 529690                    /lib/x86_64-linux-gnu/libnss_compat-2.27.so
7fb5fb0e9000-7fb5fb0f3000 r-xp 00000000 103:05 4856773                   /usr/lib/jvm/java-11-openjdk-amd64/lib/libinstrument.so
7fb5fb0f3000-7fb5fb2f2000 ---p 0000a000 103:05 4856773                   /usr/lib/jvm/java-11-openjdk-amd64/lib/libinstrument.so
7fb5fb2f2000-7fb5fb2f3000 r--p 00009000 103:05 4856773                   /usr/lib/jvm/java-11-openjdk-amd64/lib/libinstrument.so
7fb5fb2f3000-7fb5fb2f4000 rw-p 0000a000 103:05 4856773                   /usr/lib/jvm/java-11-openjdk-amd64/lib/libinstrument.so
7fb5fb2f4000-7fb5fb31d000 r-xp 00000000 103:05 4856783                   /usr/lib/jvm/java-11-openjdk-amd64/lib/libjava.so
7fb5fb31d000-7fb5fb51c000 ---p 00029000 103:05 4856783                   /usr/lib/jvm/java-11-openjdk-amd64/lib/libjava.so
7fb5fb51c000-7fb5fb51d000 r--p 00028000 103:05 4856783                   /usr/lib/jvm/java-11-openjdk-amd64/lib/libjava.so
7fb5fb51d000-7fb5fb51f000 rw-p 00029000 103:05 4856783                   /usr/lib/jvm/java-11-openjdk-amd64/lib/libjava.so
7fb5fb51f000-7fb5fb52c000 r-xp 00000000 103:05 4856823                   /usr/lib/jvm/java-11-openjdk-amd64/lib/libverify.so
7fb5fb52c000-7fb5fb72b000 ---p 0000d000 103:05 4856823                   /usr/lib/jvm/java-11-openjdk-amd64/lib/libverify.so
7fb5fb72b000-7fb5fb72d000 r--p 0000c000 103:05 4856823                   /usr/lib/jvm/java-11-openjdk-amd64/lib/libverify.so
7fb5fb72d000-7fb5fb72e000 rw-p 0000e000 103:05 4856823                   /usr/lib/jvm/java-11-openjdk-amd64/lib/libverify.so
7fb5fb72e000-7fb5fb735000 r-xp 00000000 103:05 529745                    /lib/x86_64-linux-gnu/librt-2.27.so
7fb5fb735000-7fb5fb934000 ---p 00007000 103:05 529745                    /lib/x86_64-linux-gnu/librt-2.27.so
7fb5fb934000-7fb5fb935000 r--p 00006000 103:05 529745                    /lib/x86_64-linux-gnu/librt-2.27.so
7fb5fb935000-7fb5fb936000 rw-p 00007000 103:05 529745                    /lib/x86_64-linux-gnu/librt-2.27.so
7fb5fb936000-7fb5fb94d000 r-xp 00000000 103:05 526533                    /lib/x86_64-linux-gnu/libgcc_s.so.1
7fb5fb94d000-7fb5fbb4c000 ---p 00017000 103:05 526533                    /lib/x86_64-linux-gnu/libgcc_s.so.1
7fb5fbb4c000-7fb5fbb4d000 r--p 00016000 103:05 526533                    /lib/x86_64-linux-gnu/libgcc_s.so.1
7fb5fbb4d000-7fb5fbb4e000 rw-p 00017000 103:05 526533                    /lib/x86_64-linux-gnu/libgcc_s.so.1
7fb5fbb4e000-7fb5fbceb000 r-xp 00000000 103:05 529667                    /lib/x86_64-linux-gnu/libm-2.27.so
7fb5fbceb000-7fb5fbeea000 ---p 0019d000 103:05 529667                    /lib/x86_64-linux-gnu/libm-2.27.so
7fb5fbeea000-7fb5fbeeb000 r--p 0019c000 103:05 529667                    /lib/x86_64-linux-gnu/libm-2.27.so
7fb5fbeeb000-7fb5fbeec000 rw-p 0019d000 103:05 529667                    /lib/x86_64-linux-gnu/libm-2.27.so
7fb5fbeec000-7fb5fc065000 r-xp 00000000 103:05 4851365                   /usr/lib/x86_64-linux-gnu/libstdc++.so.6.0.25
7fb5fc065000-7fb5fc265000 ---p 00179000 103:05 4851365                   /usr/lib/x86_64-linux-gnu/libstdc++.so.6.0.25
7fb5fc265000-7fb5fc26f000 r--p 00179000 103:05 4851365                   /usr/lib/x86_64-linux-gnu/libstdc++.so.6.0.25
7fb5fc26f000-7fb5fc271000 rw-p 00183000 103:05 4851365                   /usr/lib/x86_64-linux-gnu/libstdc++.so.6.0.25
7fb5fc271000-7fb5fc275000 rw-p 00000000 00:00 0 
7fb5fc275000-7fb5fd352000 r-xp 00000000 103:05 5374622                   /usr/lib/jvm/java-11-openjdk-amd64/lib/server/libjvm.so
7fb5fd352000-7fb5fd551000 ---p 010dd000 103:05 5374622                   /usr/lib/jvm/java-11-openjdk-amd64/lib/server/libjvm.so
7fb5fd551000-7fb5fd60e000 r--p 010dc000 103:05 5374622                   /usr/lib/jvm/java-11-openjdk-amd64/lib/server/libjvm.so
7fb5fd60e000-7fb5fd648000 rw-p 01199000 103:05 5374622                   /usr/lib/jvm/java-11-openjdk-amd64/lib/server/libjvm.so
7fb5fd648000-7fb5fd69e000 rw-p 00000000 00:00 0 
7fb5fd69e000-7fb5fd6b8000 r-xp 00000000 103:05 529737                    /lib/x86_64-linux-gnu/libpthread-2.27.so
7fb5fd6b8000-7fb5fd8b7000 ---p 0001a000 103:05 529737                    /lib/x86_64-linux-gnu/libpthread-2.27.so
7fb5fd8b7000-7fb5fd8b8000 r--p 00019000 103:05 529737                    /lib/x86_64-linux-gnu/libpthread-2.27.so
7fb5fd8b8000-7fb5fd8b9000 rw-p 0001a000 103:05 529737                    /lib/x86_64-linux-gnu/libpthread-2.27.so
7fb5fd8b9000-7fb5fd8bd000 rw-p 00000000 00:00 0 
7fb5fd8bd000-7fb5fd8c0000 r-xp 00000000 103:05 529627                    /lib/x86_64-linux-gnu/libdl-2.27.so
7fb5fd8c0000-7fb5fdabf000 ---p 00003000 103:05 529627                    /lib/x86_64-linux-gnu/libdl-2.27.so
7fb5fdabf000-7fb5fdac0000 r--p 00002000 103:05 529627                    /lib/x86_64-linux-gnu/libdl-2.27.so
7fb5fdac0000-7fb5fdac1000 rw-p 00003000 103:05 529627                    /lib/x86_64-linux-gnu/libdl-2.27.so
7fb5fdac1000-7fb5fdadd000 r-xp 00000000 103:05 529776                    /lib/x86_64-linux-gnu/libz.so.1.2.11
7fb5fdadd000-7fb5fdcdc000 ---p 0001c000 103:05 529776                    /lib/x86_64-linux-gnu/libz.so.1.2.11
7fb5fdcdc000-7fb5fdcdd000 r--p 0001b000 103:05 529776                    /lib/x86_64-linux-gnu/libz.so.1.2.11
7fb5fdcdd000-7fb5fdcde000 rw-p 0001c000 103:05 529776                    /lib/x86_64-linux-gnu/libz.so.1.2.11
7fb5fdcde000-7fb5fdec5000 r-xp 00000000 103:05 529604                    /lib/x86_64-linux-gnu/libc-2.27.so
7fb5fdec5000-7fb5fe0c5000 ---p 001e7000 103:05 529604                    /lib/x86_64-linux-gnu/libc-2.27.so
7fb5fe0c5000-7fb5fe0c9000 r--p 001e7000 103:05 529604                    /lib/x86_64-linux-gnu/libc-2.27.so
7fb5fe0c9000-7fb5fe0cb000 rw-p 001eb000 103:05 529604                    /lib/x86_64-linux-gnu/libc-2.27.so
7fb5fe0cb000-7fb5fe0cf000 rw-p 00000000 00:00 0 
7fb5fe0cf000-7fb5fe0df000 r-xp 00000000 103:05 5374619                   /usr/lib/jvm/java-11-openjdk-amd64/lib/jli/libjli.so
7fb5fe0df000-7fb5fe2de000 ---p 00010000 103:05 5374619                   /usr/lib/jvm/java-11-openjdk-amd64/lib/jli/libjli.so
7fb5fe2de000-7fb5fe2df000 r--p 0000f000 103:05 5374619                   /usr/lib/jvm/java-11-openjdk-amd64/lib/jli/libjli.so
7fb5fe2df000-7fb5fe2e0000 rw-p 00010000 103:05 5374619                   /usr/lib/jvm/java-11-openjdk-amd64/lib/jli/libjli.so
7fb5fe2e0000-7fb5fe307000 r-xp 00000000 103:05 529576                    /lib/x86_64-linux-gnu/ld-2.27.so
7fb5fe307000-7fb5fe3e4000 rw-p 00000000 00:00 0 
7fb5fe3e4000-7fb5fe3ee000 ---p 00000000 00:00 0 
7fb5fe3ee000-7fb5fe3f2000 ---p 00000000 00:00 0 
7fb5fe3f2000-7fb5fe4f1000 rw-p 00000000 00:00 0 
7fb5fe4f9000-7fb5fe4fb000 r--s 00007000 103:05 5247480                   /usr/share/java/java-atk-wrapper.jar
7fb5fe4fb000-7fb5fe503000 rw-s 00000000 103:05 4194806                   /tmp/hsperfdata_alan/11826
7fb5fe503000-7fb5fe504000 ---p 00000000 00:00 0 
7fb5fe504000-7fb5fe505000 r--p 00000000 00:00 0 
7fb5fe505000-7fb5fe507000 rw-p 00000000 00:00 0 
7fb5fe507000-7fb5fe508000 r--p 00027000 103:05 529576                    /lib/x86_64-linux-gnu/ld-2.27.so
7fb5fe508000-7fb5fe509000 rw-p 00028000 103:05 529576                    /lib/x86_64-linux-gnu/ld-2.27.so
7fb5fe509000-7fb5fe50a000 rw-p 00000000 00:00 0 
7ffdc7401000-7ffdc7424000 rw-p 00000000 00:00 0                          [stack]
7ffdc75b6000-7ffdc75b9000 r--p 00000000 00:00 0                          [vvar]
7ffdc75b9000-7ffdc75ba000 r-xp 00000000 00:00 0                          [vdso]
ffffffffff600000-ffffffffff601000 --xp 00000000 00:00 0                  [vsyscall]


VM Arguments:
jvm_args: -XX:TieredStopAtLevel=1 -Xverify:none -Dspring.output.ansi.enabled=always -Dcom.sun.management.jmxremote -Dspring.jmx.enabled=true -Dspring.liveBeansView.mbeanDomain -Dspring.application.admin.enabled=true -javaagent:/opt/idea-IU-193.6911.18/lib/idea_rt.jar=39745:/opt/idea-IU-193.6911.18/bin -Dfile.encoding=UTF-8 
java_command: com.wildcodeschool.synergieFamily.SynergieFamilyApplication
java_class_path (initial): /home/alan/nantes-0320-java-synergie-family/target/classes:/home/alan/.m2/repository/org/springframework/boot/spring-boot-starter-data-jpa/2.3.0.RELEASE/spring-boot-starter-data-jpa-2.3.0.RELEASE.jar:/home/alan/.m2/repository/org/springframework/boot/spring-boot-starter-aop/2.3.0.RELEASE/spring-boot-starter-aop-2.3.0.RELEASE.jar:/home/alan/.m2/repository/org/springframework/spring-aop/5.2.6.RELEASE/spring-aop-5.2.6.RELEASE.jar:/home/alan/.m2/repository/org/aspectj/aspectjweaver/1.9.5/aspectjweaver-1.9.5.jar:/home/alan/.m2/repository/org/springframework/boot/spring-boot-starter-jdbc/2.3.0.RELEASE/spring-boot-starter-jdbc-2.3.0.RELEASE.jar:/home/alan/.m2/repository/com/zaxxer/HikariCP/3.4.5/HikariCP-3.4.5.jar:/home/alan/.m2/repository/org/springframework/spring-jdbc/5.2.6.RELEASE/spring-jdbc-5.2.6.RELEASE.jar:/home/alan/.m2/repository/jakarta/transaction/jakarta.transaction-api/1.3.3/jakarta.transaction-api-1.3.3.jar:/home/alan/.m2/repository/jakarta/persistence/jakarta.persistence-api/2.2.3/jakarta.persistence-api-2.2.3.jar:/home/alan/.m2/repository/org/hibernate/hibernate-core/5.4.15.Final/hibernate-core-5.4.15.Final.jar:/home/alan/.m2/repository/org/jboss/logging/jboss-logging/3.4.1.Final/jboss-logging-3.4.1.Final.jar:/home/alan/.m2/repository/org/javassist/javassist/3.24.0-GA/javassist-3.24.0-GA.jar:/home/alan/.m2/repository/net/bytebuddy/byte-buddy/1.10.10/byte-buddy-1.10.10.jar:/home/alan/.m2/repository/antlr/antlr/2.7.7/antlr-2.7.7.jar:/home/alan/.m2/repository/org/jboss/jandex/2.1.3.Final/jandex-2.1.3.Final.jar:/home/alan/.m2/repository/com/fasterxml/classmate/1.5.1/classmate-1.5.1.jar:/home/alan/.m2/repository/org/dom4j/dom4j/2.1.3/dom4j-2.1.3.jar:/home/alan/.m2/repository/org/hibernate/common/hibernate-commons-annotations/5.1.0.Final/hibernate-commons-annotations-5.1.0.Final.jar:/home/alan/.m2/repository/org/glassfish/jaxb/jaxb-runtime/2.3.3/jaxb-runtime-2.3.3.jar:/home/alan/.m2/repository/org/glassfish/jaxb/txw2/2.3.3/txw2-2.3.3
Launcher Type: SUN_STANDARD

[Global flags]
     bool BytecodeVerificationLocal                = false                                     {product} {command line}
     bool BytecodeVerificationRemote               = false                                     {product} {command line}
     intx CICompilerCount                          = 4                                         {product} {ergonomic}
     uint ConcGCThreads                            = 2                                         {product} {ergonomic}
     uint G1ConcRefinementThreads                  = 8                                         {product} {ergonomic}
   size_t G1HeapRegionSize                         = 1048576                                   {product} {ergonomic}
    uintx GCDrainStackTargetSize                   = 64                                        {product} {ergonomic}
   size_t InitialHeapSize                          = 127926272                                 {product} {ergonomic}
     bool ManagementServer                         = true                                      {product} {command line}
   size_t MarkStackSize                            = 4194304                                   {product} {ergonomic}
   size_t MaxHeapSize                              = 2021654528                                {product} {ergonomic}
   size_t MaxNewSize                               = 1212153856                                {product} {ergonomic}
   size_t MinHeapDeltaBytes                        = 1048576                                   {product} {ergonomic}
    uintx NonNMethodCodeHeapSize                   = 7549744                                {pd product} {ergonomic}
    uintx NonProfiledCodeHeapSize                  = 244108496                              {pd product} {ergonomic}
    uintx ProfiledCodeHeapSize                     = 0                                      {pd product} {ergonomic}
    uintx ReservedCodeCacheSize                    = 251658240                              {pd product} {ergonomic}
     bool SegmentedCodeCache                       = true                                      {product} {ergonomic}
     intx TieredStopAtLevel                        = 1                                         {product} {command line}
     bool UseCompressedClassPointers               = true                                 {lp64_product} {ergonomic}
     bool UseCompressedOops                        = true                                 {lp64_product} {ergonomic}
     bool UseG1GC                                  = true                                      {product} {ergonomic}

Logging:
Log output configuration:
 #0: stdout all=warning uptime,level,tags
 #1: stderr all=off uptime,level,tags

Environment Variables:
PATH=/usr/local/sbin:/usr/local/bin:/usr/sbin:/usr/bin:/sbin:/bin:/usr/games:/usr/local/games:/snap/bin
USERNAME=alan
SHELL=/bin/bash
DISPLAY=:0

Signal Handlers:
SIGSEGV: [libjvm.so+0xdf8d00], sa_mask[0]=11111111011111111101111111111110, sa_flags=SA_RESTART|SA_SIGINFO
SIGBUS: [libjvm.so+0xdf8d00], sa_mask[0]=11111111011111111101111111111110, sa_flags=SA_RESTART|SA_SIGINFO
SIGFPE: [libjvm.so+0xdf8d00], sa_mask[0]=11111111011111111101111111111110, sa_flags=SA_RESTART|SA_SIGINFO
SIGPIPE: [libjvm.so+0xbcbc30], sa_mask[0]=11111111011111111101111111111110, sa_flags=SA_RESTART|SA_SIGINFO
SIGXFSZ: [libjvm.so+0xbcbc30], sa_mask[0]=11111111011111111101111111111110, sa_flags=SA_RESTART|SA_SIGINFO
SIGILL: [libjvm.so+0xdf8d00], sa_mask[0]=11111111011111111101111111111110, sa_flags=SA_RESTART|SA_SIGINFO
SIGUSR2: [libjvm.so+0xbcbad0], sa_mask[0]=00100000000000000000000000000000, sa_flags=SA_RESTART|SA_SIGINFO
SIGHUP: [libjvm.so+0xbcbe30], sa_mask[0]=11111111011111111101111111111110, sa_flags=SA_RESTART|SA_SIGINFO
SIGINT: [libjvm.so+0xbcbe30], sa_mask[0]=11111111011111111101111111111110, sa_flags=SA_RESTART|SA_SIGINFO
SIGTERM: [libjvm.so+0xbcbe30], sa_mask[0]=11111111011111111101111111111110, sa_flags=SA_RESTART|SA_SIGINFO
SIGQUIT: [libjvm.so+0xbcbe30], sa_mask[0]=11111111011111111101111111111110, sa_flags=SA_RESTART|SA_SIGINFO


---------------  S Y S T E M  ---------------

OS:DISTRIB_ID=Ubuntu
DISTRIB_RELEASE=18.04
DISTRIB_CODENAME=bionic
DISTRIB_DESCRIPTION="Ubuntu 18.04.4 LTS"
uname:Linux 5.3.0-53-generic #47~18.04.1-Ubuntu SMP Thu May 7 13:10:50 UTC 2020 x86_64
OS uptime: 2 days 5:26 hours
libc:glibc 2.27 NPTL 2.27 
rlimit: STACK 8192k, CORE 0k, NPROC 30375, NOFILE 1048576, AS infinity, CPU infinity, DATA infinity, FSIZE infinity
load average:1,24 1,26 1,27

/proc/meminfo:
MemTotal:        7890748 kB
MemFree:          401548 kB
MemAvailable:     588580 kB
Buffers:           13476 kB
Cached:          1020052 kB
SwapCached:        48948 kB
Active:          5938332 kB
Inactive:        1094916 kB
Active(anon):    5686616 kB
Inactive(anon):   967168 kB
Active(file):     251716 kB
Inactive(file):   127748 kB
Unevictable:       34456 kB
Mlocked:              96 kB
SwapTotal:       2097148 kB
SwapFree:        1596924 kB
Dirty:              2932 kB
Writeback:             0 kB
AnonPages:       5987252 kB
Mapped:           607640 kB
Shmem:            653152 kB
KReclaimable:      66288 kB
Slab:             176256 kB
SReclaimable:      66288 kB
SUnreclaim:       109968 kB
KernelStack:       25116 kB
PageTables:       110908 kB
NFS_Unstable:          0 kB
Bounce:                0 kB
WritebackTmp:          0 kB
CommitLimit:     6042520 kB
Committed_AS:   21750744 kB
VmallocTotal:   34359738367 kB
VmallocUsed:       43180 kB
VmallocChunk:          0 kB
Percpu:             2976 kB
HardwareCorrupted:     0 kB
AnonHugePages:         0 kB
ShmemHugePages:        0 kB
ShmemPmdMapped:        0 kB
CmaTotal:              0 kB
CmaFree:               0 kB
HugePages_Total:       0
HugePages_Free:        0
HugePages_Rsvd:        0
HugePages_Surp:        0
Hugepagesize:       2048 kB
Hugetlb:               0 kB
DirectMap4k:      505216 kB
DirectMap2M:     7555072 kB
DirectMap1G:     1048576 kB


/proc/sys/kernel/threads-max (system-wide limit on the number of threads):
60750


/proc/sys/vm/max_map_count (maximum number of memory map areas a process may have):
65530


/proc/sys/kernel/pid_max (system-wide limit on number of process identifiers):
32768



container (cgroup) information:
container_type: cgroupv1
cpu_cpuset_cpus: 0-7
cpu_memory_nodes: 0
active_processor_count: 8
cpu_quota: -1
cpu_period: 100000
cpu_shares: -1
memory_limit_in_bytes: -1
memory_and_swap_limit_in_bytes: -2
memory_soft_limit_in_bytes: -1
memory_usage_in_bytes: 7238344704
memory_max_usage_in_bytes: 849387520

Steal ticks since vm start: 0
Steal ticks percentage since vm start:  0,000

CPU:total 8 (initial active 8) (4 cores per cpu, 2 threads per core) family 6 model 126 stepping 5, cmov, cx8, fxsr, mmx, sse, sse2, sse3, ssse3, sse4.1, sse4.2, popcnt, avx, avx2, aes, clmul, erms, 3dnowpref, lzcnt, ht, tsc, tscinvbit, bmi1, bmi2, adx, evex, sha, fma
CPU Model and flags from /proc/cpuinfo:
model name	: Intel(R) Core(TM) i7-1065G7 CPU @ 1.30GHz
flags		: fpu vme de pse tsc msr pae mce cx8 apic sep mtrr pge mca cmov pat pse36 clflush dts acpi mmx fxsr sse sse2 ss ht tm pbe syscall nx pdpe1gb rdtscp lm constant_tsc art arch_perfmon pebs bts rep_good nopl xtopology nonstop_tsc cpuid aperfmperf tsc_known_freq pni pclmulqdq dtes64 monitor ds_cpl vmx est tm2 ssse3 sdbg fma cx16 xtpr pdcm pcid sse4_1 sse4_2 x2apic movbe popcnt tsc_deadline_timer aes xsave avx f16c rdrand lahf_lm abm 3dnowprefetch cpuid_fault epb invpcid_single ssbd ibrs ibpb stibp ibrs_enhanced tpr_shadow vnmi flexpriority ept vpid ept_ad fsgsbase tsc_adjust bmi1 avx2 smep bmi2 erms invpcid avx512f avx512dq rdseed adx smap avx512ifma clflushopt intel_pt avx512cd sha_ni avx512bw avx512vl xsaveopt xsavec xgetbv1 xsaves dtherm ida arat pln pts hwp hwp_notify hwp_act_window hwp_epp hwp_pkg_req avx512vbmi umip pku ospke avx512_vbmi2 gfni vaes vpclmulqdq avx512_vnni avx512_bitalg avx512_vpopcntdq rdpid md_clear flush_l1d arch_capabilities

Memory: 4k page, physical 7890748k(401548k free), swap 2097148k(1596924k free)

vm_info: OpenJDK 64-Bit Server VM (11.0.7+10-post-Ubuntu-2ubuntu218.04) for linux-amd64 JRE (11.0.7+10-post-Ubuntu-2ubuntu218.04), built on Apr 15 2020 21:12:54 by "unknown" with gcc 7.5.0

END.
